<?xml version="1.0" encoding="UTF-8"?>
<!-- Generated by org.testng.reporters.JUnitReportReporter -->
<testsuite hostname="Harinder" failures="0" tests="1" name="com.HarinderKaur.SauceLabsPractice.AccountLoginTest" time="0.000" errors="0" timestamp="2023-12-31T06:33:16 MST" skipped="1">
  <testcase classname="com.HarinderKaur.SauceLabsPractice.AccountLoginTest" name="verifyLoginCredentials" time="0.000">
    <skipped/>
  </testcase> <!-- verifyLoginCredentials -->
  <system-out/>
</testsuite> <!-- com.HarinderKaur.SauceLabsPractice.AccountLoginTest -->
