<?xml version="1.0" encoding="UTF-8"?>
<!-- Generated by org.testng.reporters.JUnitReportReporter -->
<testsuite hostname="Harinder" failures="0" tests="7" name="com.HarinderKaur.Tests.UniversityApiTests" time="2.826" errors="0" timestamp="2024-05-06T14:20:41 EDT" skipped="0">
  <testcase classname="com.HarinderKaur.Tests.UniversityApiTests" name="testUrlPathError" time="0.022"/>
  <system-out/>
  <testcase classname="com.HarinderKaur.Tests.UniversityApiTests" name="testUnencodedParameter" time="0.055"/>
  <system-out/>
  <testcase classname="com.HarinderKaur.Tests.UniversityApiTests" name="getAllUniversities" time="0.303"/>
  <system-out/>
  <testcase classname="com.HarinderKaur.Tests.UniversityApiTests" name="getUniversityInformation" time="0.684"/>
  <system-out/>
  <testcase classname="com.HarinderKaur.Tests.UniversityApiTests" name="testHappyPath" time="0.071"/>
  <system-out/>
  <testcase classname="com.HarinderKaur.Tests.UniversityApiTests" name="addUniversity" time="1.662"/>
  <system-out/>
  <testcase classname="com.HarinderKaur.Tests.UniversityApiTests" name="testUnauthorized" time="0.029"/>
  <system-out/>
</testsuite> <!-- com.HarinderKaur.Tests.UniversityApiTests -->
