<?xml version="1.0" encoding="UTF-8"?>
<!-- Generated by org.testng.reporters.JUnitReportReporter -->
<testsuite hostname="Harinder" failures="0" tests="1" name="com.HarinderKaur.learningSeleniuim.DragAndDropExample" time="4.277" errors="0" timestamp="19 Dec. 2022 08:31:30 GMT" skipped="0">
  <testcase classname="com.HarinderKaur.learningSeleniuim.DragAndDropExample" name="verifyDragAndDrop" time="4.277"/>
</testsuite> <!-- com.HarinderKaur.learningSeleniuim.DragAndDropExample -->
