<?xml version="1.0" encoding="UTF-8"?>
<!-- Generated by org.testng.reporters.JUnitReportReporter -->
<testsuite hostname="Harinder" failures="0" tests="1" name="com.HarinderKaur.learningSeleniuim.GetTextExample" time="21.180" errors="0" timestamp="15 Dec. 2022 05:08:03 GMT" skipped="0">
  <testcase classname="com.HarinderKaur.learningSeleniuim.GetTextExample" name="validatingTest" time="21.180"/>
</testsuite> <!-- com.HarinderKaur.learningSeleniuim.GetTextExample -->
