<?xml version="1.0" encoding="UTF-8"?>
<!-- Generated by org.testng.reporters.JUnitReportReporter -->
<testsuite hostname="Harinder" failures="0" tests="1" name="com.HarinderKaur.learningSeleniuim.IsEnabledExample" time="4.197" errors="0" timestamp="2024-01-23T14:47:33 MST" skipped="0">
  <testcase classname="com.HarinderKaur.learningSeleniuim.IsEnabledExample" name="verifyIsBtnEnabled" time="4.197"/>
  <system-out/>
</testsuite> <!-- com.HarinderKaur.learningSeleniuim.IsEnabledExample -->
