<?xml version="1.0" encoding="UTF-8"?>
<!-- Generated by org.testng.reporters.JUnitReportReporter -->
<testsuite hostname="Harinder" failures="0" tests="1" name="com.HarinderKaur.learningSeleniuim.ExplicitWait" time="53.372" errors="0" timestamp="02 Mar. 2023 17:23:21 GMT" skipped="0">
  <testcase classname="com.HarinderKaur.learningSeleniuim.ExplicitWait" name="verifyExplicitWaitForAlert" time="53.372"/>
</testsuite> <!-- com.HarinderKaur.learningSeleniuim.ExplicitWait -->
