<?xml version="1.0" encoding="UTF-8"?>
<!-- Generated by org.testng.reporters.JUnitReportReporter -->
<testsuite hostname="Harinder" failures="0" tests="1" name="com.HarinderKaur.learningSeleniuim.WindowHandlerExample" time="6.138" errors="0" timestamp="2024-01-22T15:24:16 MST" skipped="0">
  <testcase classname="com.HarinderKaur.learningSeleniuim.WindowHandlerExample" name="tabExample" time="6.138"/>
  <system-out/>
</testsuite> <!-- com.HarinderKaur.learningSeleniuim.WindowHandlerExample -->
