<?xml version="1.0" encoding="UTF-8"?>
<!-- Generated by org.testng.reporters.JUnitReportReporter -->
<testsuite hostname="Harinder" failures="0" tests="1" name="com.HarinderKaur.learningSeleniuim.FirstSeleniumScript" time="7.177" errors="0" timestamp="2024-01-23T15:14:35 MST" skipped="0">
  <testcase classname="com.HarinderKaur.learningSeleniuim.FirstSeleniumScript" name="verifyLoginTest" time="7.177"/>
  <system-out/>
</testsuite> <!-- com.HarinderKaur.learningSeleniuim.FirstSeleniumScript -->
