<?xml version="1.0" encoding="UTF-8"?>
<!-- Generated by org.testng.reporters.JUnitReportReporter -->
<testsuite hostname="Harinder" failures="0" tests="1" name="com.HarinderKaur.learningSeleniuim.SubmitExample" time="6.268" errors="0" timestamp="15 Dec. 2022 07:57:45 GMT" skipped="0">
  <testcase classname="com.HarinderKaur.learningSeleniuim.SubmitExample" name="verifyLoginTest" time="6.268"/>
</testsuite> <!-- com.HarinderKaur.learningSeleniuim.SubmitExample -->
