<?xml version="1.0" encoding="UTF-8"?>
<!-- Generated by org.testng.reporters.JUnitReportReporter -->
<testsuite hostname="Harinder" failures="0" tests="150" name="com.HarinderKaur.learningSeleniuim.TimeComparisonOfLocators" time="492.895" errors="0" timestamp="31 Dec. 2022 06:25:01 GMT" skipped="0">
  <testcase classname="com.HarinderKaur.learningSeleniuim.TimeComparisonOfLocators" name="timeTakenByCss" time="3.311"/>
  <testcase classname="com.HarinderKaur.learningSeleniuim.TimeComparisonOfLocators" name="timeTakenByCss" time="3.187"/>
  <testcase classname="com.HarinderKaur.learningSeleniuim.TimeComparisonOfLocators" name="timeTakenById" time="3.162"/>
  <testcase classname="com.HarinderKaur.learningSeleniuim.TimeComparisonOfLocators" name="timeTakenByXpath" time="3.187"/>
  <testcase classname="com.HarinderKaur.learningSeleniuim.TimeComparisonOfLocators" name="timeTakenByXpath" time="3.433"/>
  <testcase classname="com.HarinderKaur.learningSeleniuim.TimeComparisonOfLocators" name="timeTakenByCss" time="3.564"/>
  <testcase classname="com.HarinderKaur.learningSeleniuim.TimeComparisonOfLocators" name="timeTakenByCss" time="3.184"/>
  <testcase classname="com.HarinderKaur.learningSeleniuim.TimeComparisonOfLocators" name="timeTakenByCss" time="3.165"/>
  <testcase classname="com.HarinderKaur.learningSeleniuim.TimeComparisonOfLocators" name="timeTakenById" time="3.148"/>
  <testcase classname="com.HarinderKaur.learningSeleniuim.TimeComparisonOfLocators" name="timeTakenById" time="3.100"/>
  <testcase classname="com.HarinderKaur.learningSeleniuim.TimeComparisonOfLocators" name="timeTakenById" time="3.376"/>
  <testcase classname="com.HarinderKaur.learningSeleniuim.TimeComparisonOfLocators" name="timeTakenByCss" time="3.238"/>
  <testcase classname="com.HarinderKaur.learningSeleniuim.TimeComparisonOfLocators" name="timeTakenByXpath" time="3.144"/>
  <testcase classname="com.HarinderKaur.learningSeleniuim.TimeComparisonOfLocators" name="timeTakenByCss" time="3.147"/>
  <testcase classname="com.HarinderKaur.learningSeleniuim.TimeComparisonOfLocators" name="timeTakenById" time="3.151"/>
  <testcase classname="com.HarinderKaur.learningSeleniuim.TimeComparisonOfLocators" name="timeTakenByCss" time="3.313"/>
  <testcase classname="com.HarinderKaur.learningSeleniuim.TimeComparisonOfLocators" name="timeTakenByXpath" time="3.238"/>
  <testcase classname="com.HarinderKaur.learningSeleniuim.TimeComparisonOfLocators" name="timeTakenByXpath" time="3.184"/>
  <testcase classname="com.HarinderKaur.learningSeleniuim.TimeComparisonOfLocators" name="timeTakenByCss" time="3.099"/>
  <testcase classname="com.HarinderKaur.learningSeleniuim.TimeComparisonOfLocators" name="timeTakenById" time="3.077"/>
  <testcase classname="com.HarinderKaur.learningSeleniuim.TimeComparisonOfLocators" name="timeTakenById" time="3.232"/>
  <testcase classname="com.HarinderKaur.learningSeleniuim.TimeComparisonOfLocators" name="timeTakenById" time="3.070"/>
  <testcase classname="com.HarinderKaur.learningSeleniuim.TimeComparisonOfLocators" name="timeTakenById" time="3.145"/>
  <testcase classname="com.HarinderKaur.learningSeleniuim.TimeComparisonOfLocators" name="timeTakenByXpath" time="3.199"/>
  <testcase classname="com.HarinderKaur.learningSeleniuim.TimeComparisonOfLocators" name="timeTakenByCss" time="3.283"/>
  <testcase classname="com.HarinderKaur.learningSeleniuim.TimeComparisonOfLocators" name="timeTakenById" time="3.274"/>
  <testcase classname="com.HarinderKaur.learningSeleniuim.TimeComparisonOfLocators" name="timeTakenByXpath" time="3.323"/>
  <testcase classname="com.HarinderKaur.learningSeleniuim.TimeComparisonOfLocators" name="timeTakenByXpath" time="3.191"/>
  <testcase classname="com.HarinderKaur.learningSeleniuim.TimeComparisonOfLocators" name="timeTakenByCss" time="3.062"/>
  <testcase classname="com.HarinderKaur.learningSeleniuim.TimeComparisonOfLocators" name="timeTakenById" time="3.380"/>
  <testcase classname="com.HarinderKaur.learningSeleniuim.TimeComparisonOfLocators" name="timeTakenByXpath" time="3.034"/>
  <testcase classname="com.HarinderKaur.learningSeleniuim.TimeComparisonOfLocators" name="timeTakenByCss" time="3.655"/>
  <testcase classname="com.HarinderKaur.learningSeleniuim.TimeComparisonOfLocators" name="timeTakenByXpath" time="3.196"/>
  <testcase classname="com.HarinderKaur.learningSeleniuim.TimeComparisonOfLocators" name="timeTakenByCss" time="3.350"/>
  <testcase classname="com.HarinderKaur.learningSeleniuim.TimeComparisonOfLocators" name="timeTakenByXpath" time="3.049"/>
  <testcase classname="com.HarinderKaur.learningSeleniuim.TimeComparisonOfLocators" name="timeTakenById" time="3.144"/>
  <testcase classname="com.HarinderKaur.learningSeleniuim.TimeComparisonOfLocators" name="timeTakenByXpath" time="3.135"/>
  <testcase classname="com.HarinderKaur.learningSeleniuim.TimeComparisonOfLocators" name="timeTakenByXpath" time="3.058"/>
  <testcase classname="com.HarinderKaur.learningSeleniuim.TimeComparisonOfLocators" name="timeTakenByCss" time="3.105"/>
  <testcase classname="com.HarinderKaur.learningSeleniuim.TimeComparisonOfLocators" name="timeTakenByXpath" time="4.327"/>
  <testcase classname="com.HarinderKaur.learningSeleniuim.TimeComparisonOfLocators" name="timeTakenById" time="4.613"/>
  <testcase classname="com.HarinderKaur.learningSeleniuim.TimeComparisonOfLocators" name="timeTakenByXpath" time="3.191"/>
  <testcase classname="com.HarinderKaur.learningSeleniuim.TimeComparisonOfLocators" name="timeTakenByCss" time="3.383"/>
  <testcase classname="com.HarinderKaur.learningSeleniuim.TimeComparisonOfLocators" name="timeTakenById" time="3.107"/>
  <testcase classname="com.HarinderKaur.learningSeleniuim.TimeComparisonOfLocators" name="timeTakenById" time="3.173"/>
  <testcase classname="com.HarinderKaur.learningSeleniuim.TimeComparisonOfLocators" name="timeTakenById" time="3.138"/>
  <testcase classname="com.HarinderKaur.learningSeleniuim.TimeComparisonOfLocators" name="timeTakenByXpath" time="3.228"/>
  <testcase classname="com.HarinderKaur.learningSeleniuim.TimeComparisonOfLocators" name="timeTakenById" time="3.038"/>
  <testcase classname="com.HarinderKaur.learningSeleniuim.TimeComparisonOfLocators" name="timeTakenByXpath" time="3.200"/>
  <testcase classname="com.HarinderKaur.learningSeleniuim.TimeComparisonOfLocators" name="timeTakenByXpath" time="3.185"/>
  <testcase classname="com.HarinderKaur.learningSeleniuim.TimeComparisonOfLocators" name="timeTakenById" time="3.309"/>
  <testcase classname="com.HarinderKaur.learningSeleniuim.TimeComparisonOfLocators" name="timeTakenById" time="3.237"/>
  <testcase classname="com.HarinderKaur.learningSeleniuim.TimeComparisonOfLocators" name="timeTakenById" time="3.127"/>
  <testcase classname="com.HarinderKaur.learningSeleniuim.TimeComparisonOfLocators" name="timeTakenByXpath" time="3.176"/>
  <testcase classname="com.HarinderKaur.learningSeleniuim.TimeComparisonOfLocators" name="timeTakenByXpath" time="3.698"/>
  <testcase classname="com.HarinderKaur.learningSeleniuim.TimeComparisonOfLocators" name="timeTakenByXpath" time="3.149"/>
  <testcase classname="com.HarinderKaur.learningSeleniuim.TimeComparisonOfLocators" name="timeTakenByCss" time="3.208"/>
  <testcase classname="com.HarinderKaur.learningSeleniuim.TimeComparisonOfLocators" name="timeTakenByXpath" time="2.999"/>
  <testcase classname="com.HarinderKaur.learningSeleniuim.TimeComparisonOfLocators" name="timeTakenByXpath" time="4.953"/>
  <testcase classname="com.HarinderKaur.learningSeleniuim.TimeComparisonOfLocators" name="timeTakenByCss" time="3.254"/>
  <testcase classname="com.HarinderKaur.learningSeleniuim.TimeComparisonOfLocators" name="timeTakenByCss" time="3.380"/>
  <testcase classname="com.HarinderKaur.learningSeleniuim.TimeComparisonOfLocators" name="timeTakenByXpath" time="3.547"/>
  <testcase classname="com.HarinderKaur.learningSeleniuim.TimeComparisonOfLocators" name="timeTakenById" time="3.122"/>
  <testcase classname="com.HarinderKaur.learningSeleniuim.TimeComparisonOfLocators" name="timeTakenByXpath" time="3.330"/>
  <testcase classname="com.HarinderKaur.learningSeleniuim.TimeComparisonOfLocators" name="timeTakenByCss" time="3.347"/>
  <testcase classname="com.HarinderKaur.learningSeleniuim.TimeComparisonOfLocators" name="timeTakenByCss" time="3.154"/>
  <testcase classname="com.HarinderKaur.learningSeleniuim.TimeComparisonOfLocators" name="timeTakenById" time="3.117"/>
  <testcase classname="com.HarinderKaur.learningSeleniuim.TimeComparisonOfLocators" name="timeTakenById" time="3.662"/>
  <testcase classname="com.HarinderKaur.learningSeleniuim.TimeComparisonOfLocators" name="timeTakenByXpath" time="3.251"/>
  <testcase classname="com.HarinderKaur.learningSeleniuim.TimeComparisonOfLocators" name="timeTakenByCss" time="3.041"/>
  <testcase classname="com.HarinderKaur.learningSeleniuim.TimeComparisonOfLocators" name="timeTakenByCss" time="3.278"/>
  <testcase classname="com.HarinderKaur.learningSeleniuim.TimeComparisonOfLocators" name="timeTakenByXpath" time="3.245"/>
  <testcase classname="com.HarinderKaur.learningSeleniuim.TimeComparisonOfLocators" name="timeTakenByCss" time="3.790"/>
  <testcase classname="com.HarinderKaur.learningSeleniuim.TimeComparisonOfLocators" name="timeTakenByXpath" time="3.330"/>
  <testcase classname="com.HarinderKaur.learningSeleniuim.TimeComparisonOfLocators" name="timeTakenByCss" time="3.334"/>
  <testcase classname="com.HarinderKaur.learningSeleniuim.TimeComparisonOfLocators" name="timeTakenByCss" time="3.259"/>
  <testcase classname="com.HarinderKaur.learningSeleniuim.TimeComparisonOfLocators" name="timeTakenByCss" time="3.228"/>
  <testcase classname="com.HarinderKaur.learningSeleniuim.TimeComparisonOfLocators" name="timeTakenByCss" time="3.132"/>
  <testcase classname="com.HarinderKaur.learningSeleniuim.TimeComparisonOfLocators" name="timeTakenByCss" time="3.322"/>
  <testcase classname="com.HarinderKaur.learningSeleniuim.TimeComparisonOfLocators" name="timeTakenByXpath" time="3.165"/>
  <testcase classname="com.HarinderKaur.learningSeleniuim.TimeComparisonOfLocators" name="timeTakenByCss" time="3.208"/>
  <testcase classname="com.HarinderKaur.learningSeleniuim.TimeComparisonOfLocators" name="timeTakenById" time="3.036"/>
  <testcase classname="com.HarinderKaur.learningSeleniuim.TimeComparisonOfLocators" name="timeTakenByXpath" time="3.131"/>
  <testcase classname="com.HarinderKaur.learningSeleniuim.TimeComparisonOfLocators" name="timeTakenByCss" time="3.234"/>
  <testcase classname="com.HarinderKaur.learningSeleniuim.TimeComparisonOfLocators" name="timeTakenById" time="3.227"/>
  <testcase classname="com.HarinderKaur.learningSeleniuim.TimeComparisonOfLocators" name="timeTakenByXpath" time="3.284"/>
  <testcase classname="com.HarinderKaur.learningSeleniuim.TimeComparisonOfLocators" name="timeTakenByCss" time="3.254"/>
  <testcase classname="com.HarinderKaur.learningSeleniuim.TimeComparisonOfLocators" name="timeTakenById" time="3.370"/>
  <testcase classname="com.HarinderKaur.learningSeleniuim.TimeComparisonOfLocators" name="timeTakenById" time="3.259"/>
  <testcase classname="com.HarinderKaur.learningSeleniuim.TimeComparisonOfLocators" name="timeTakenById" time="3.226"/>
  <testcase classname="com.HarinderKaur.learningSeleniuim.TimeComparisonOfLocators" name="timeTakenByCss" time="3.157"/>
  <testcase classname="com.HarinderKaur.learningSeleniuim.TimeComparisonOfLocators" name="timeTakenByXpath" time="3.209"/>
  <testcase classname="com.HarinderKaur.learningSeleniuim.TimeComparisonOfLocators" name="timeTakenByCss" time="3.116"/>
  <testcase classname="com.HarinderKaur.learningSeleniuim.TimeComparisonOfLocators" name="timeTakenByCss" time="3.190"/>
  <testcase classname="com.HarinderKaur.learningSeleniuim.TimeComparisonOfLocators" name="timeTakenById" time="3.232"/>
  <testcase classname="com.HarinderKaur.learningSeleniuim.TimeComparisonOfLocators" name="timeTakenByXpath" time="3.403"/>
  <testcase classname="com.HarinderKaur.learningSeleniuim.TimeComparisonOfLocators" name="timeTakenByCss" time="3.495"/>
  <testcase classname="com.HarinderKaur.learningSeleniuim.TimeComparisonOfLocators" name="timeTakenById" time="3.259"/>
  <testcase classname="com.HarinderKaur.learningSeleniuim.TimeComparisonOfLocators" name="timeTakenById" time="3.086"/>
  <testcase classname="com.HarinderKaur.learningSeleniuim.TimeComparisonOfLocators" name="timeTakenByCss" time="3.075"/>
  <testcase classname="com.HarinderKaur.learningSeleniuim.TimeComparisonOfLocators" name="timeTakenById" time="3.150"/>
  <testcase classname="com.HarinderKaur.learningSeleniuim.TimeComparisonOfLocators" name="timeTakenById" time="3.086"/>
  <testcase classname="com.HarinderKaur.learningSeleniuim.TimeComparisonOfLocators" name="timeTakenByXpath" time="3.263"/>
  <testcase classname="com.HarinderKaur.learningSeleniuim.TimeComparisonOfLocators" name="timeTakenById" time="3.202"/>
  <testcase classname="com.HarinderKaur.learningSeleniuim.TimeComparisonOfLocators" name="timeTakenByXpath" time="3.131"/>
  <testcase classname="com.HarinderKaur.learningSeleniuim.TimeComparisonOfLocators" name="timeTakenByCss" time="2.894"/>
  <testcase classname="com.HarinderKaur.learningSeleniuim.TimeComparisonOfLocators" name="timeTakenById" time="3.518"/>
  <testcase classname="com.HarinderKaur.learningSeleniuim.TimeComparisonOfLocators" name="timeTakenByCss" time="3.062"/>
  <testcase classname="com.HarinderKaur.learningSeleniuim.TimeComparisonOfLocators" name="timeTakenByCss" time="3.096"/>
  <testcase classname="com.HarinderKaur.learningSeleniuim.TimeComparisonOfLocators" name="timeTakenById" time="3.196"/>
  <testcase classname="com.HarinderKaur.learningSeleniuim.TimeComparisonOfLocators" name="timeTakenByCss" time="3.090"/>
  <testcase classname="com.HarinderKaur.learningSeleniuim.TimeComparisonOfLocators" name="timeTakenByXpath" time="3.165"/>
  <testcase classname="com.HarinderKaur.learningSeleniuim.TimeComparisonOfLocators" name="timeTakenByXpath" time="3.400"/>
  <testcase classname="com.HarinderKaur.learningSeleniuim.TimeComparisonOfLocators" name="timeTakenByCss" time="3.652"/>
  <testcase classname="com.HarinderKaur.learningSeleniuim.TimeComparisonOfLocators" name="timeTakenById" time="3.174"/>
  <testcase classname="com.HarinderKaur.learningSeleniuim.TimeComparisonOfLocators" name="timeTakenByXpath" time="3.115"/>
  <testcase classname="com.HarinderKaur.learningSeleniuim.TimeComparisonOfLocators" name="timeTakenByCss" time="3.293"/>
  <testcase classname="com.HarinderKaur.learningSeleniuim.TimeComparisonOfLocators" name="timeTakenByXpath" time="3.085"/>
  <testcase classname="com.HarinderKaur.learningSeleniuim.TimeComparisonOfLocators" name="timeTakenByCss" time="3.115"/>
  <testcase classname="com.HarinderKaur.learningSeleniuim.TimeComparisonOfLocators" name="timeTakenById" time="3.068"/>
  <testcase classname="com.HarinderKaur.learningSeleniuim.TimeComparisonOfLocators" name="timeTakenByXpath" time="3.130"/>
  <testcase classname="com.HarinderKaur.learningSeleniuim.TimeComparisonOfLocators" name="timeTakenByXpath" time="3.116"/>
  <testcase classname="com.HarinderKaur.learningSeleniuim.TimeComparisonOfLocators" name="timeTakenById" time="3.171"/>
  <testcase classname="com.HarinderKaur.learningSeleniuim.TimeComparisonOfLocators" name="timeTakenById" time="3.698"/>
  <testcase classname="com.HarinderKaur.learningSeleniuim.TimeComparisonOfLocators" name="timeTakenById" time="3.228"/>
  <testcase classname="com.HarinderKaur.learningSeleniuim.TimeComparisonOfLocators" name="timeTakenById" time="3.258"/>
  <testcase classname="com.HarinderKaur.learningSeleniuim.TimeComparisonOfLocators" name="timeTakenByXpath" time="3.173"/>
  <testcase classname="com.HarinderKaur.learningSeleniuim.TimeComparisonOfLocators" name="timeTakenByCss" time="3.663"/>
  <testcase classname="com.HarinderKaur.learningSeleniuim.TimeComparisonOfLocators" name="timeTakenById" time="3.193"/>
  <testcase classname="com.HarinderKaur.learningSeleniuim.TimeComparisonOfLocators" name="timeTakenByCss" time="3.184"/>
  <testcase classname="com.HarinderKaur.learningSeleniuim.TimeComparisonOfLocators" name="timeTakenById" time="3.129"/>
  <testcase classname="com.HarinderKaur.learningSeleniuim.TimeComparisonOfLocators" name="timeTakenByXpath" time="3.092"/>
  <testcase classname="com.HarinderKaur.learningSeleniuim.TimeComparisonOfLocators" name="timeTakenByCss" time="3.070"/>
  <testcase classname="com.HarinderKaur.learningSeleniuim.TimeComparisonOfLocators" name="timeTakenByXpath" time="3.116"/>
  <testcase classname="com.HarinderKaur.learningSeleniuim.TimeComparisonOfLocators" name="timeTakenByCss" time="3.195"/>
  <testcase classname="com.HarinderKaur.learningSeleniuim.TimeComparisonOfLocators" name="timeTakenByXpath" time="3.268"/>
  <testcase classname="com.HarinderKaur.learningSeleniuim.TimeComparisonOfLocators" name="timeTakenByCss" time="3.101"/>
  <testcase classname="com.HarinderKaur.learningSeleniuim.TimeComparisonOfLocators" name="timeTakenById" time="3.156"/>
  <testcase classname="com.HarinderKaur.learningSeleniuim.TimeComparisonOfLocators" name="timeTakenByXpath" time="3.261"/>
  <testcase classname="com.HarinderKaur.learningSeleniuim.TimeComparisonOfLocators" name="timeTakenById" time="3.765"/>
  <testcase classname="com.HarinderKaur.learningSeleniuim.TimeComparisonOfLocators" name="timeTakenByXpath" time="4.243"/>
  <testcase classname="com.HarinderKaur.learningSeleniuim.TimeComparisonOfLocators" name="timeTakenByXpath" time="3.472"/>
  <testcase classname="com.HarinderKaur.learningSeleniuim.TimeComparisonOfLocators" name="timeTakenByCss" time="3.428"/>
  <testcase classname="com.HarinderKaur.learningSeleniuim.TimeComparisonOfLocators" name="timeTakenById" time="5.763"/>
  <testcase classname="com.HarinderKaur.learningSeleniuim.TimeComparisonOfLocators" name="timeTakenById" time="3.213"/>
  <testcase classname="com.HarinderKaur.learningSeleniuim.TimeComparisonOfLocators" name="timeTakenByXpath" time="3.215"/>
  <testcase classname="com.HarinderKaur.learningSeleniuim.TimeComparisonOfLocators" name="timeTakenById" time="3.730"/>
  <testcase classname="com.HarinderKaur.learningSeleniuim.TimeComparisonOfLocators" name="timeTakenByXpath" time="3.228"/>
  <testcase classname="com.HarinderKaur.learningSeleniuim.TimeComparisonOfLocators" name="timeTakenById" time="3.102"/>
  <testcase classname="com.HarinderKaur.learningSeleniuim.TimeComparisonOfLocators" name="timeTakenByCss" time="3.308"/>
</testsuite> <!-- com.HarinderKaur.learningSeleniuim.TimeComparisonOfLocators -->
