<?xml version="1.0" encoding="UTF-8"?>
<!-- Generated by org.testng.reporters.JUnitReportReporter -->
<testsuite hostname="Harinder" failures="0" tests="1" name="com.HarinderKaur.learningSeleniuim.UploadFile" time="6.911" errors="0" timestamp="2024-01-24T10:09:19 MST" skipped="0">
  <testcase classname="com.HarinderKaur.learningSeleniuim.UploadFile" name="verifyuploadFunctionality" time="6.911"/>
  <system-out/>
</testsuite> <!-- com.HarinderKaur.learningSeleniuim.UploadFile -->
