<?xml version="1.0" encoding="UTF-8"?>
<!-- Generated by org.testng.reporters.JUnitReportReporter -->
<testsuite hostname="Harinder" failures="0" tests="1" name="com.HarinderKaur.learningSeleniuim.iFramesAndHandlerExample" time="55.298" errors="0" timestamp="18 Dec. 2022 08:12:53 GMT" skipped="0">
  <testcase classname="com.HarinderKaur.learningSeleniuim.iFramesAndHandlerExample" name="switchToParentWindow" time="55.298"/>
</testsuite> <!-- com.HarinderKaur.learningSeleniuim.iFramesAndHandlerExample -->
