<?xml version="1.0" encoding="UTF-8"?>
<!-- Generated by org.testng.reporters.JUnitReportReporter -->
<testsuite hostname="Harinder" failures="0" tests="1" name="com.HarinderKaur.learningSeleniuim.ExplicitWait2" time="8.002" errors="0" timestamp="19 Dec. 2022 07:06:34 GMT" skipped="0">
  <testcase classname="com.HarinderKaur.learningSeleniuim.ExplicitWait2" name="verifySignInButtonIsClickable" time="8.002"/>
</testsuite> <!-- com.HarinderKaur.learningSeleniuim.ExplicitWait2 -->
