<?xml version="1.0" encoding="UTF-8"?>
<!-- Generated by org.testng.reporters.JUnitReportReporter -->
<testsuite hostname="Harinder" failures="0" tests="1" name="com.HarinderKaur.learningSeleniuim.DownloadFile" time="35.247" errors="0" timestamp="01 Mar. 2023 19:15:45 GMT" skipped="0">
  <testcase classname="com.HarinderKaur.learningSeleniuim.DownloadFile" name="verifyUserIsAbleTODownloadFile" time="35.247"/>
</testsuite> <!-- com.HarinderKaur.learningSeleniuim.DownloadFile -->
