<?xml version="1.0" encoding="UTF-8"?>
<!-- Generated by org.testng.reporters.JUnitReportReporter -->
<testsuite hostname="Harinder" failures="0" tests="2" name="com.HarinderKaur.learningSeleniuim.ExampleFindElements" time="9.355" errors="0" timestamp="16 Dec. 2022 06:03:45 GMT" skipped="0">
  <testcase classname="com.HarinderKaur.learningSeleniuim.ExampleFindElements" name="findElementExample" time="3.662"/>
  <testcase classname="com.HarinderKaur.learningSeleniuim.ExampleFindElements" name="findElementsExample" time="5.693"/>
</testsuite> <!-- com.HarinderKaur.learningSeleniuim.ExampleFindElements -->
