<?xml version="1.0" encoding="UTF-8"?>
<!-- Generated by org.testng.reporters.JUnitReportReporter -->
<testsuite hostname="Harinder" failures="0" tests="1" name="com.HarinderKaur.learningSeleniuim.AnnotationsHierarchy" time="0.011" errors="0" timestamp="2024-01-24T10:18:07 MST" skipped="0">
  <testcase classname="com.HarinderKaur.learningSeleniuim.AnnotationsHierarchy" name="testCase1" time="0.011"/>
  <system-out/>
</testsuite> <!-- com.HarinderKaur.learningSeleniuim.AnnotationsHierarchy -->
