<?xml version="1.0" encoding="UTF-8"?>
<!-- Generated by org.testng.reporters.JUnitReportReporter -->
<testsuite hostname="Harinder" failures="0" tests="2" name="com.Playwright_APIAutomation.Tests.GetAPICall" time="3.216" errors="0" timestamp="2024-04-29T18:15:10 EDT" skipped="0">
  <testcase classname="com.Playwright_APIAutomation.Tests.GetAPICall" name="getUsersApiTest" time="1.453"/>
  <system-out/>
  <testcase classname="com.Playwright_APIAutomation.Tests.GetAPICall" name="getSpecificUserApiTest" time="1.763"/>
  <system-out/>
</testsuite> <!-- com.Playwright_APIAutomation.Tests.GetAPICall -->
