<?xml version="1.0" encoding="UTF-8"?>
<!-- Generated by org.testng.reporters.JUnitReportReporter -->
<testsuite hostname="Harinder" failures="0" tests="1" name="com.Playwright_APIAutomation.Tests.APIResponseHeadersTest" time="1.878" errors="0" timestamp="2024-04-29T19:33:13 EDT" skipped="0">
  <testcase classname="com.Playwright_APIAutomation.Tests.APIResponseHeadersTest" name="getHeadersTest" time="1.878"/>
  <system-out/>
</testsuite> <!-- com.Playwright_APIAutomation.Tests.APIResponseHeadersTest -->
